2025-11-03 19:05:52,353 - INFO - ====================================================================================================
2025-11-03 19:05:52,353 - INFO - 开始训练所有模型 - 共12个模型
2025-11-03 19:05:52,353 - INFO - ====================================================================================================
2025-11-03 19:05:52,354 - INFO - 
====================================================================================================
2025-11-03 19:05:52,354 - INFO - 第一部分: 训练随机森林模型
2025-11-03 19:05:52,354 - INFO - ====================================================================================================
2025-11-03 19:05:52,354 - INFO - 
[1/12] 训练随机森林 - 完整特征版本
2025-11-03 19:05:52,354 - INFO - ================================================================================
2025-11-03 19:05:52,354 - INFO - 开始训练随机森林模型 - 数据版本: full
2025-11-03 19:05:52,354 - INFO - ================================================================================
2025-11-03 19:05:52,354 - INFO - 加载full版本数据...
2025-11-03 19:05:52,433 - INFO - 训练集形状: (20631, 20)
2025-11-03 19:05:52,434 - INFO - 测试集形状: (13096, 19)
2025-11-03 19:05:52,434 - INFO - RUL标签形状: (100, 1)
2025-11-03 19:05:52,434 - INFO - 按发动机单元划分训练集和验证集（验证集比例=0.2）...
2025-11-03 19:05:52,438 - INFO - 训练集: 80台发动机, 16561条记录
2025-11-03 19:05:52,438 - INFO - 验证集: 20台发动机, 4070条记录
2025-11-03 19:05:52,438 - INFO - 准备训练数据...
2025-11-03 19:05:52,438 - INFO - 添加滑动窗口统计特征（窗口大小=50）...
2025-11-03 19:05:53,437 - INFO - 新增68个统计特征, 总特征数: 88
2025-11-03 19:05:53,449 - INFO - 随机森林数据准备完成: X形状=(16561, 85), y形状=(16561,)
2025-11-03 19:05:53,450 - INFO - 添加滑动窗口统计特征（窗口大小=50）...
2025-11-03 19:05:53,691 - INFO - 新增68个统计特征, 总特征数: 88
2025-11-03 19:05:53,694 - INFO - 随机森林数据准备完成: X形状=(4070, 85), y形状=(4070,)
2025-11-03 19:05:53,694 - INFO - 添加滑动窗口统计特征（窗口大小=50）...
2025-11-03 19:05:54,896 - INFO - 新增68个统计特征, 总特征数: 87
2025-11-03 19:05:55,000 - INFO - 随机森林测试集准备完成: 100台发动机, 特征形状: (100, 85)
2025-11-03 19:05:55,000 - INFO - 训练集: X=(16561, 85), y=(16561,)
2025-11-03 19:05:55,000 - INFO - 验证集: X=(4070, 85), y=(4070,)
2025-11-03 19:05:55,000 - INFO - 测试集: X=(100, 85), y=(100,)
2025-11-03 19:05:55,000 - INFO - 创建随机森林模型...
2025-11-03 19:05:55,001 - INFO - 开始训练...
[Parallel(n_jobs=-1)]: Using backend ThreadingBackend with 256 concurrent workers.
[Parallel(n_jobs=-1)]: Done  91 out of 200 | elapsed:    0.5s remaining:    0.6s
[Parallel(n_jobs=-1)]: Done 200 out of 200 | elapsed:    0.6s finished
2025-11-03 19:05:55,633 - INFO - 训练完成，耗时: 0.63秒
2025-11-03 19:05:55,633 - INFO - 评估模型...
[Parallel(n_jobs=200)]: Using backend ThreadingBackend with 200 concurrent workers.
[Parallel(n_jobs=200)]: Done   2 out of 200 | elapsed:    0.0s remaining:    4.2s
[Parallel(n_jobs=200)]: Done 200 out of 200 | elapsed:    0.1s finished
[Parallel(n_jobs=200)]: Using backend ThreadingBackend with 200 concurrent workers.
[Parallel(n_jobs=200)]: Done   2 out of 200 | elapsed:    0.0s remaining:    4.3s
[Parallel(n_jobs=200)]: Done 200 out of 200 | elapsed:    0.1s finished
[Parallel(n_jobs=200)]: Using backend ThreadingBackend with 200 concurrent workers.
[Parallel(n_jobs=200)]: Done   2 out of 200 | elapsed:    0.0s remaining:    4.0s
[Parallel(n_jobs=200)]: Done 200 out of 200 | elapsed:    0.1s finished
2025-11-03 19:05:55,897 - INFO - 训练集 - RMSE: 2.9265, MAE: 1.5211, R²: 0.9982
2025-11-03 19:05:55,897 - INFO - 验证集 - RMSE: 30.4015, MAE: 21.9543, R²: 0.7856
2025-11-03 19:05:55,897 - INFO - 测试集 - RMSE: 26.6937, MAE: 19.3059, R²: 0.5874
2025-11-03 19:05:56,061 - INFO - 模型已保存到: models/RandomForest_full_no_early_stopping.pkl
2025-11-03 19:05:56,065 - INFO - 预测结果已保存到: results/predictions/RandomForest_full_no_early_stopping.csv
2025-11-03 19:05:56,065 - INFO - 训练日志已保存到: results/training_logs/RandomForest_full_no_early_stopping.json
2025-11-03 19:05:56,113 - INFO - 特征重要性前10: [0.07243213 0.06195208 0.05048691 0.03891591 0.03664711 0.03580222
 0.03095795 0.03040666 0.02916759 0.02848464]
2025-11-03 19:05:56,115 - INFO - ✓ 完成 [1/12]
2025-11-03 19:05:56,115 - INFO - 
[2/12] 训练随机森林 - 降维特征版本
2025-11-03 19:05:56,115 - INFO - ================================================================================
2025-11-03 19:05:56,115 - INFO - 开始训练随机森林模型 - 数据版本: reduced
2025-11-03 19:05:56,115 - INFO - ================================================================================
2025-11-03 19:05:56,115 - INFO - 加载reduced版本数据...
2025-11-03 19:05:56,179 - INFO - 训练集形状: (20631, 16)
2025-11-03 19:05:56,179 - INFO - 测试集形状: (13096, 15)
2025-11-03 19:05:56,179 - INFO - RUL标签形状: (100, 1)
2025-11-03 19:05:56,179 - INFO - 按发动机单元划分训练集和验证集（验证集比例=0.2）...
2025-11-03 19:05:56,181 - INFO - 训练集: 80台发动机, 16561条记录
2025-11-03 19:05:56,181 - INFO - 验证集: 20台发动机, 4070条记录
2025-11-03 19:05:56,181 - INFO - 准备训练数据...
2025-11-03 19:05:56,181 - INFO - 添加滑动窗口统计特征（窗口大小=50）...
2025-11-03 19:05:56,923 - INFO - 新增52个统计特征, 总特征数: 68
2025-11-03 19:05:56,928 - INFO - 随机森林数据准备完成: X形状=(16561, 65), y形状=(16561,)
2025-11-03 19:05:56,928 - INFO - 添加滑动窗口统计特征（窗口大小=50）...
2025-11-03 19:05:57,110 - INFO - 新增52个统计特征, 总特征数: 68
2025-11-03 19:05:57,112 - INFO - 随机森林数据准备完成: X形状=(4070, 65), y形状=(4070,)
2025-11-03 19:05:57,112 - INFO - 添加滑动窗口统计特征（窗口大小=50）...
2025-11-03 19:05:58,029 - INFO - 新增52个统计特征, 总特征数: 67
2025-11-03 19:05:58,115 - INFO - 随机森林测试集准备完成: 100台发动机, 特征形状: (100, 65)
2025-11-03 19:05:58,116 - INFO - 训练集: X=(16561, 65), y=(16561,)
2025-11-03 19:05:58,116 - INFO - 验证集: X=(4070, 65), y=(4070,)
2025-11-03 19:05:58,116 - INFO - 测试集: X=(100, 65), y=(100,)
2025-11-03 19:05:58,116 - INFO - 创建随机森林模型...
2025-11-03 19:05:58,116 - INFO - 开始训练...
[Parallel(n_jobs=-1)]: Using backend ThreadingBackend with 256 concurrent workers.
[Parallel(n_jobs=-1)]: Done  91 out of 200 | elapsed:    0.3s remaining:    0.3s
[Parallel(n_jobs=-1)]: Done 200 out of 200 | elapsed:    0.4s finished
2025-11-03 19:05:58,552 - INFO - 训练完成，耗时: 0.44秒
2025-11-03 19:05:58,552 - INFO - 评估模型...
[Parallel(n_jobs=200)]: Using backend ThreadingBackend with 200 concurrent workers.
[Parallel(n_jobs=200)]: Done   2 out of 200 | elapsed:    0.0s remaining:    4.3s
[Parallel(n_jobs=200)]: Done 200 out of 200 | elapsed:    0.1s finished
[Parallel(n_jobs=200)]: Using backend ThreadingBackend with 200 concurrent workers.
[Parallel(n_jobs=200)]: Done   2 out of 200 | elapsed:    0.0s remaining:    4.2s
[Parallel(n_jobs=200)]: Done 200 out of 200 | elapsed:    0.1s finished
[Parallel(n_jobs=200)]: Using backend ThreadingBackend with 200 concurrent workers.
[Parallel(n_jobs=200)]: Done   2 out of 200 | elapsed:    0.0s remaining:    3.9s
[Parallel(n_jobs=200)]: Done 200 out of 200 | elapsed:    0.1s finished
2025-11-03 19:05:58,826 - INFO - 训练集 - RMSE: 3.2010, MAE: 1.7346, R²: 0.9979
2025-11-03 19:05:58,827 - INFO - 验证集 - RMSE: 33.0696, MAE: 24.5589, R²: 0.7463
2025-11-03 19:05:58,827 - INFO - 测试集 - RMSE: 28.1864, MAE: 20.1231, R²: 0.5399
2025-11-03 19:05:58,986 - INFO - 模型已保存到: models/RandomForest_reduced_no_early_stopping.pkl
2025-11-03 19:05:58,988 - INFO - 预测结果已保存到: results/predictions/RandomForest_reduced_no_early_stopping.csv
2025-11-03 19:05:58,988 - INFO - 训练日志已保存到: results/training_logs/RandomForest_reduced_no_early_stopping.json
2025-11-03 19:05:59,037 - INFO - 特征重要性前10: [0.09342865 0.06200903 0.0545032  0.04944656 0.04663111 0.04497597
 0.03791912 0.03580936 0.03316376 0.02949391]
2025-11-03 19:05:59,040 - INFO - ✓ 完成 [2/12]
2025-11-03 19:05:59,040 - INFO - 
====================================================================================================
2025-11-03 19:05:59,040 - INFO - 第二部分: 训练LSTM模型
2025-11-03 19:05:59,040 - INFO - ====================================================================================================
2025-11-03 19:05:59,040 - INFO - 
[3/12] 训练LSTM - 完整特征 - 带早停
2025-11-03 19:05:59,040 - INFO - ================================================================================
2025-11-03 19:05:59,040 - INFO - 开始训练LSTM模型 - 数据版本: full, 早停: True
2025-11-03 19:05:59,040 - INFO - ================================================================================
2025-11-03 19:05:59,201 - INFO - 使用设备: cuda
2025-11-03 19:05:59,201 - INFO - 加载full版本数据...
2025-11-03 19:05:59,295 - INFO - 训练集形状: (20631, 20)
2025-11-03 19:05:59,296 - INFO - 测试集形状: (13096, 19)
2025-11-03 19:05:59,296 - INFO - RUL标签形状: (100, 1)
2025-11-03 19:05:59,296 - INFO - 按发动机单元划分训练集和验证集（验证集比例=0.2）...
2025-11-03 19:05:59,298 - INFO - 训练集: 80台发动机, 16561条记录
2025-11-03 19:05:59,298 - INFO - 验证集: 20台发动机, 4070条记录
2025-11-03 19:05:59,298 - INFO - 创建时间序列窗口...
2025-11-03 19:05:59,298 - INFO - 创建时间序列窗口（窗口大小=50, 步长=1）...
2025-11-03 19:05:59,341 - INFO - 生成12641个样本, 特征形状: (12641, 50, 17)
2025-11-03 19:05:59,342 - INFO - 创建时间序列窗口（窗口大小=50, 步长=1）...
2025-11-03 19:05:59,353 - INFO - 生成3090个样本, 特征形状: (3090, 50, 17)
2025-11-03 19:05:59,353 - INFO - 为测试集创建最后一个窗口（窗口大小=50）...
2025-11-03 19:05:59,383 - INFO - 测试集: 100台发动机, 特征形状: (100, 50, 17)
2025-11-03 19:05:59,383 - INFO - 训练集: X=(12641, 50, 17), y=(12641,)
2025-11-03 19:05:59,383 - INFO - 验证集: X=(3090, 50, 17), y=(3090,)
2025-11-03 19:05:59,383 - INFO - 测试集: X=(100, 50, 17), y=(100,)
2025-11-03 19:05:59,389 - INFO - 创建LSTM模型（输入维度=17）...
2025-11-03 19:05:59,622 - INFO - 模型参数数量: 349,825
2025-11-03 19:06:01,902 - INFO - 开始训练...
2025-11-03 19:06:03,149 - INFO - Epoch [1/300] - Train Loss: 5425.1266, Train RMSE: 73.6555, Val RMSE: 53.3167, Test RMSE: 42.4193, LR: 0.001000
2025-11-03 19:06:12,402 - INFO - Epoch [10/300] - Train Loss: 588.6884, Train RMSE: 24.2629, Val RMSE: 24.6645, Test RMSE: 31.9602, LR: 0.000997
2025-11-03 19:06:22,752 - INFO - Epoch [20/300] - Train Loss: 365.3306, Train RMSE: 19.1136, Val RMSE: 24.3017, Test RMSE: 31.6126, LR: 0.000989
2025-11-03 19:06:27,029 - INFO - 早停触发！最佳验证集RMSE: 20.3919 (Epoch 4)
2025-11-03 19:06:27,029 - INFO - 训练完成，耗时: 25.13秒
2025-11-03 19:06:27,029 - INFO - 最佳验证集RMSE: 20.3919 (Epoch 4)
2025-11-03 19:06:27,034 - INFO - 最终评估...
2025-11-03 19:06:27,247 - INFO - 训练集 - RMSE: 77.5582, MAE: 61.8378, R²: -0.7698
2025-11-03 19:06:27,247 - INFO - 验证集 - RMSE: 20.3919, MAE: 14.8754, R²: 0.8536
2025-11-03 19:06:27,247 - INFO - 测试集 - RMSE: 26.5184, MAE: 17.4249, R²: 0.5928
2025-11-03 19:06:27,250 - INFO - 预测结果已保存到: results/predictions/LSTM_full_with_early_stopping.csv
2025-11-03 19:06:27,250 - INFO - 训练历史已保存到: results/training_logs/LSTM_full_with_early_stopping_history.csv
2025-11-03 19:06:27,250 - INFO - 训练日志已保存到: results/training_logs/LSTM_full_with_early_stopping.json
2025-11-03 19:06:27,252 - INFO - ✓ 完成 [3/12]
2025-11-03 19:06:27,252 - INFO - 绘制LSTM_full_with_early_stopping的训练曲线...
2025-11-03 19:06:28,447 - INFO - 训练曲线已保存到: results/training_curves/LSTM_full_with_early_stopping_curves.png
2025-11-03 19:06:28,448 - INFO - 绘制LSTM_full_with_early_stopping的预测散点图...
2025-11-03 19:06:28,937 - INFO - 散点图已保存到: results/training_curves/LSTM_full_with_early_stopping_scatter.png
2025-11-03 19:06:28,937 - INFO - 
[4/12] 训练LSTM - 完整特征 - 不带早停
2025-11-03 19:06:28,937 - INFO - ================================================================================
2025-11-03 19:06:28,938 - INFO - 开始训练LSTM模型 - 数据版本: full, 早停: False
2025-11-03 19:06:28,938 - INFO - ================================================================================
2025-11-03 19:06:28,939 - INFO - 使用设备: cuda
2025-11-03 19:06:28,939 - INFO - 加载full版本数据...
2025-11-03 19:06:29,017 - INFO - 训练集形状: (20631, 20)
2025-11-03 19:06:29,017 - INFO - 测试集形状: (13096, 19)
2025-11-03 19:06:29,017 - INFO - RUL标签形状: (100, 1)
2025-11-03 19:06:29,017 - INFO - 按发动机单元划分训练集和验证集（验证集比例=0.2）...
2025-11-03 19:06:29,019 - INFO - 训练集: 80台发动机, 16561条记录
2025-11-03 19:06:29,019 - INFO - 验证集: 20台发动机, 4070条记录
2025-11-03 19:06:29,019 - INFO - 创建时间序列窗口...
2025-11-03 19:06:29,019 - INFO - 创建时间序列窗口（窗口大小=50, 步长=1）...
2025-11-03 19:06:29,063 - INFO - 生成12641个样本, 特征形状: (12641, 50, 17)
2025-11-03 19:06:29,063 - INFO - 创建时间序列窗口（窗口大小=50, 步长=1）...
2025-11-03 19:06:29,074 - INFO - 生成3090个样本, 特征形状: (3090, 50, 17)
2025-11-03 19:06:29,074 - INFO - 为测试集创建最后一个窗口（窗口大小=50）...
2025-11-03 19:06:29,104 - INFO - 测试集: 100台发动机, 特征形状: (100, 50, 17)
2025-11-03 19:06:29,104 - INFO - 训练集: X=(12641, 50, 17), y=(12641,)
2025-11-03 19:06:29,104 - INFO - 验证集: X=(3090, 50, 17), y=(3090,)
2025-11-03 19:06:29,104 - INFO - 测试集: X=(100, 50, 17), y=(100,)
2025-11-03 19:06:29,104 - INFO - 创建LSTM模型（输入维度=17）...
2025-11-03 19:06:29,108 - INFO - 模型参数数量: 349,825
2025-11-03 19:06:29,108 - INFO - 开始训练...
2025-11-03 19:06:30,131 - INFO - Epoch [1/300] - Train Loss: 5425.1266, Train RMSE: 73.6555, Val RMSE: 53.3167, Test RMSE: 42.4193, LR: 0.001000
2025-11-03 19:06:39,010 - INFO - Epoch [10/300] - Train Loss: 588.6884, Train RMSE: 24.2629, Val RMSE: 24.6645, Test RMSE: 31.9602, LR: 0.000997
2025-11-03 19:06:47,223 - INFO - Epoch [20/300] - Train Loss: 365.3306, Train RMSE: 19.1136, Val RMSE: 24.3017, Test RMSE: 31.6126, LR: 0.000989
2025-11-03 19:06:57,580 - INFO - Epoch [30/300] - Train Loss: 293.7029, Train RMSE: 17.1378, Val RMSE: 27.6327, Test RMSE: 27.4549, LR: 0.000976
2025-11-03 19:07:07,891 - INFO - Epoch [40/300] - Train Loss: 265.7764, Train RMSE: 16.3027, Val RMSE: 28.4475, Test RMSE: 30.8594, LR: 0.000957
2025-11-03 19:07:17,042 - INFO - Epoch [50/300] - Train Loss: 266.4502, Train RMSE: 16.3233, Val RMSE: 24.8284, Test RMSE: 29.4417, LR: 0.000933
2025-11-03 19:07:27,497 - INFO - Epoch [60/300] - Train Loss: 232.0272, Train RMSE: 15.2324, Val RMSE: 26.6567, Test RMSE: 25.4211, LR: 0.000905
2025-11-03 19:07:37,069 - INFO - Epoch [70/300] - Train Loss: 229.5400, Train RMSE: 15.1506, Val RMSE: 29.7544, Test RMSE: 37.4505, LR: 0.000872
2025-11-03 19:07:47,153 - INFO - Epoch [80/300] - Train Loss: 229.5094, Train RMSE: 15.1496, Val RMSE: 29.0466, Test RMSE: 33.3567, LR: 0.000835
2025-11-03 19:07:57,163 - INFO - Epoch [90/300] - Train Loss: 214.2026, Train RMSE: 14.6357, Val RMSE: 28.5334, Test RMSE: 30.3451, LR: 0.000794
2025-11-03 19:08:07,579 - INFO - Epoch [100/300] - Train Loss: 202.5993, Train RMSE: 14.2337, Val RMSE: 28.5630, Test RMSE: 36.9001, LR: 0.000750
2025-11-03 19:08:17,967 - INFO - Epoch [110/300] - Train Loss: 197.8585, Train RMSE: 14.0662, Val RMSE: 28.4747, Test RMSE: 32.9942, LR: 0.000704
2025-11-03 19:08:26,781 - INFO - Epoch [120/300] - Train Loss: 190.8689, Train RMSE: 13.8155, Val RMSE: 33.5248, Test RMSE: 44.7703, LR: 0.000655
2025-11-03 19:08:37,159 - INFO - Epoch [130/300] - Train Loss: 188.7867, Train RMSE: 13.7400, Val RMSE: 31.5544, Test RMSE: 39.7516, LR: 0.000604
2025-11-03 19:08:48,128 - INFO - Epoch [140/300] - Train Loss: 190.6792, Train RMSE: 13.8087, Val RMSE: 29.3809, Test RMSE: 38.8405, LR: 0.000553
2025-11-03 19:08:55,804 - INFO - Epoch [150/300] - Train Loss: 169.6173, Train RMSE: 13.0237, Val RMSE: 26.4523, Test RMSE: 33.8397, LR: 0.000501
2025-11-03 19:09:05,003 - INFO - Epoch [160/300] - Train Loss: 167.4248, Train RMSE: 12.9393, Val RMSE: 30.9229, Test RMSE: 37.1281, LR: 0.000448
2025-11-03 19:09:15,485 - INFO - Epoch [170/300] - Train Loss: 163.4195, Train RMSE: 12.7836, Val RMSE: 27.6317, Test RMSE: 31.7801, LR: 0.000397
2025-11-03 19:09:25,724 - INFO - Epoch [180/300] - Train Loss: 164.1138, Train RMSE: 12.8107, Val RMSE: 28.5505, Test RMSE: 36.1110, LR: 0.000346
2025-11-03 19:09:36,583 - INFO - Epoch [190/300] - Train Loss: 167.9032, Train RMSE: 12.9577, Val RMSE: 29.4636, Test RMSE: 34.9229, LR: 0.000297
2025-11-03 19:09:47,576 - INFO - Epoch [200/300] - Train Loss: 160.4252, Train RMSE: 12.6659, Val RMSE: 28.9061, Test RMSE: 35.0736, LR: 0.000251
2025-11-03 19:09:57,249 - INFO - Epoch [210/300] - Train Loss: 149.8408, Train RMSE: 12.2409, Val RMSE: 29.2757, Test RMSE: 37.7248, LR: 0.000207
2025-11-03 19:10:07,603 - INFO - Epoch [220/300] - Train Loss: 154.7789, Train RMSE: 12.4410, Val RMSE: 29.2528, Test RMSE: 31.5071, LR: 0.000166
2025-11-03 19:10:17,700 - INFO - Epoch [230/300] - Train Loss: 157.6338, Train RMSE: 12.5552, Val RMSE: 30.3947, Test RMSE: 40.3050, LR: 0.000129
2025-11-03 19:10:27,688 - INFO - Epoch [240/300] - Train Loss: 147.9056, Train RMSE: 12.1616, Val RMSE: 28.2476, Test RMSE: 29.2308, LR: 0.000096
2025-11-03 19:10:37,487 - INFO - Epoch [250/300] - Train Loss: 158.8047, Train RMSE: 12.6018, Val RMSE: 29.3761, Test RMSE: 35.6398, LR: 0.000068
2025-11-03 19:10:47,907 - INFO - Epoch [260/300] - Train Loss: 155.2100, Train RMSE: 12.4583, Val RMSE: 29.3614, Test RMSE: 35.9648, LR: 0.000044
2025-11-03 19:10:57,968 - INFO - Epoch [270/300] - Train Loss: 152.7278, Train RMSE: 12.3583, Val RMSE: 29.0426, Test RMSE: 36.1135, LR: 0.000025
2025-11-03 19:11:08,374 - INFO - Epoch [280/300] - Train Loss: 156.1541, Train RMSE: 12.4962, Val RMSE: 29.2453, Test RMSE: 35.0900, LR: 0.000012
2025-11-03 19:11:18,729 - INFO - Epoch [290/300] - Train Loss: 160.0741, Train RMSE: 12.6520, Val RMSE: 29.1935, Test RMSE: 35.4455, LR: 0.000004
2025-11-03 19:11:28,615 - INFO - Epoch [300/300] - Train Loss: 150.8619, Train RMSE: 12.2826, Val RMSE: 29.2151, Test RMSE: 35.3073, LR: 0.000001
2025-11-03 19:11:28,616 - INFO - 训练完成，耗时: 299.51秒
2025-11-03 19:11:28,616 - INFO - 最佳验证集RMSE: 20.3919 (Epoch 4)
2025-11-03 19:11:28,619 - INFO - 最终评估...
2025-11-03 19:11:28,833 - INFO - 训练集 - RMSE: 76.7250, MAE: 60.9727, R²: -0.7320
2025-11-03 19:11:28,833 - INFO - 验证集 - RMSE: 20.3919, MAE: 14.8754, R²: 0.8536
2025-11-03 19:11:28,833 - INFO - 测试集 - RMSE: 26.5184, MAE: 17.4249, R²: 0.5928
2025-11-03 19:11:28,835 - INFO - 预测结果已保存到: results/predictions/LSTM_full_no_early_stopping.csv
2025-11-03 19:11:28,837 - INFO - 训练历史已保存到: results/training_logs/LSTM_full_no_early_stopping_history.csv
2025-11-03 19:11:28,838 - INFO - 训练日志已保存到: results/training_logs/LSTM_full_no_early_stopping.json
2025-11-03 19:11:28,839 - INFO - ✓ 完成 [4/12]
2025-11-03 19:11:28,839 - INFO - 绘制LSTM_full_no_early_stopping的训练曲线...
2025-11-03 19:11:29,749 - INFO - 训练曲线已保存到: results/training_curves/LSTM_full_no_early_stopping_curves.png
2025-11-03 19:11:29,749 - INFO - 绘制LSTM_full_no_early_stopping的预测散点图...
2025-11-03 19:11:30,212 - INFO - 散点图已保存到: results/training_curves/LSTM_full_no_early_stopping_scatter.png
2025-11-03 19:11:30,212 - INFO - 
[5/12] 训练LSTM - 降维特征 - 带早停
2025-11-03 19:11:30,213 - INFO - ================================================================================
2025-11-03 19:11:30,213 - INFO - 开始训练LSTM模型 - 数据版本: reduced, 早停: True
2025-11-03 19:11:30,213 - INFO - ================================================================================
2025-11-03 19:11:30,213 - INFO - 使用设备: cuda
2025-11-03 19:11:30,213 - INFO - 加载reduced版本数据...
2025-11-03 19:11:30,266 - INFO - 训练集形状: (20631, 16)
2025-11-03 19:11:30,267 - INFO - 测试集形状: (13096, 15)
2025-11-03 19:11:30,267 - INFO - RUL标签形状: (100, 1)
2025-11-03 19:11:30,267 - INFO - 按发动机单元划分训练集和验证集（验证集比例=0.2）...
2025-11-03 19:11:30,269 - INFO - 训练集: 80台发动机, 16561条记录
2025-11-03 19:11:30,269 - INFO - 验证集: 20台发动机, 4070条记录
2025-11-03 19:11:30,269 - INFO - 创建时间序列窗口...
2025-11-03 19:11:30,269 - INFO - 创建时间序列窗口（窗口大小=50, 步长=1）...
2025-11-03 19:11:30,310 - INFO - 生成12641个样本, 特征形状: (12641, 50, 13)
2025-11-03 19:11:30,310 - INFO - 创建时间序列窗口（窗口大小=50, 步长=1）...
2025-11-03 19:11:30,320 - INFO - 生成3090个样本, 特征形状: (3090, 50, 13)
2025-11-03 19:11:30,320 - INFO - 为测试集创建最后一个窗口（窗口大小=50）...
2025-11-03 19:11:30,351 - INFO - 测试集: 100台发动机, 特征形状: (100, 50, 13)
2025-11-03 19:11:30,351 - INFO - 训练集: X=(12641, 50, 13), y=(12641,)
2025-11-03 19:11:30,351 - INFO - 验证集: X=(3090, 50, 13), y=(3090,)
2025-11-03 19:11:30,351 - INFO - 测试集: X=(100, 50, 13), y=(100,)
2025-11-03 19:11:30,351 - INFO - 创建LSTM模型（输入维度=13）...
2025-11-03 19:11:30,354 - INFO - 模型参数数量: 347,777
2025-11-03 19:11:30,355 - INFO - 开始训练...
2025-11-03 19:11:30,845 - INFO - Epoch [1/300] - Train Loss: 5594.2257, Train RMSE: 74.7946, Val RMSE: 53.4047, Test RMSE: 42.8174, LR: 0.001000
2025-11-03 19:11:39,734 - INFO - Epoch [10/300] - Train Loss: 665.3352, Train RMSE: 25.7941, Val RMSE: 26.4798, Test RMSE: 38.8176, LR: 0.000997
2025-11-03 19:11:49,696 - INFO - Epoch [20/300] - Train Loss: 348.0878, Train RMSE: 18.6571, Val RMSE: 30.7845, Test RMSE: 40.7106, LR: 0.000989
2025-11-03 19:11:53,900 - INFO - 早停触发！最佳验证集RMSE: 20.6763 (Epoch 4)
2025-11-03 19:11:53,900 - INFO - 训练完成，耗时: 23.55秒
2025-11-03 19:11:53,900 - INFO - 最佳验证集RMSE: 20.6763 (Epoch 4)
2025-11-03 19:11:53,902 - INFO - 最终评估...
2025-11-03 19:11:54,108 - INFO - 训练集 - RMSE: 76.4058, MAE: 60.9739, R²: -0.7176
2025-11-03 19:11:54,109 - INFO - 验证集 - RMSE: 20.6763, MAE: 15.2051, R²: 0.8495
2025-11-03 19:11:54,109 - INFO - 测试集 - RMSE: 23.0972, MAE: 16.5103, R²: 0.6911
2025-11-03 19:11:54,110 - INFO - 预测结果已保存到: results/predictions/LSTM_reduced_with_early_stopping.csv
2025-11-03 19:11:54,111 - INFO - 训练历史已保存到: results/training_logs/LSTM_reduced_with_early_stopping_history.csv
2025-11-03 19:11:54,111 - INFO - 训练日志已保存到: results/training_logs/LSTM_reduced_with_early_stopping.json
2025-11-03 19:11:54,112 - INFO - ✓ 完成 [5/12]
2025-11-03 19:11:54,112 - INFO - 绘制LSTM_reduced_with_early_stopping的训练曲线...
2025-11-03 19:11:54,986 - INFO - 训练曲线已保存到: results/training_curves/LSTM_reduced_with_early_stopping_curves.png
2025-11-03 19:11:54,987 - INFO - 绘制LSTM_reduced_with_early_stopping的预测散点图...
2025-11-03 19:11:55,453 - INFO - 散点图已保存到: results/training_curves/LSTM_reduced_with_early_stopping_scatter.png
2025-11-03 19:11:55,453 - INFO - 
[6/12] 训练LSTM - 降维特征 - 不带早停
2025-11-03 19:11:55,453 - INFO - ================================================================================
2025-11-03 19:11:55,453 - INFO - 开始训练LSTM模型 - 数据版本: reduced, 早停: False
2025-11-03 19:11:55,453 - INFO - ================================================================================
2025-11-03 19:11:55,453 - INFO - 使用设备: cuda
2025-11-03 19:11:55,453 - INFO - 加载reduced版本数据...
2025-11-03 19:11:55,505 - INFO - 训练集形状: (20631, 16)
2025-11-03 19:11:55,505 - INFO - 测试集形状: (13096, 15)
2025-11-03 19:11:55,505 - INFO - RUL标签形状: (100, 1)
2025-11-03 19:11:55,505 - INFO - 按发动机单元划分训练集和验证集（验证集比例=0.2）...
2025-11-03 19:11:55,507 - INFO - 训练集: 80台发动机, 16561条记录
2025-11-03 19:11:55,507 - INFO - 验证集: 20台发动机, 4070条记录
2025-11-03 19:11:55,507 - INFO - 创建时间序列窗口...
2025-11-03 19:11:55,507 - INFO - 创建时间序列窗口（窗口大小=50, 步长=1）...
2025-11-03 19:11:55,549 - INFO - 生成12641个样本, 特征形状: (12641, 50, 13)
2025-11-03 19:11:55,549 - INFO - 创建时间序列窗口（窗口大小=50, 步长=1）...
2025-11-03 19:11:55,559 - INFO - 生成3090个样本, 特征形状: (3090, 50, 13)
2025-11-03 19:11:55,559 - INFO - 为测试集创建最后一个窗口（窗口大小=50）...
2025-11-03 19:11:55,589 - INFO - 测试集: 100台发动机, 特征形状: (100, 50, 13)
2025-11-03 19:11:55,589 - INFO - 训练集: X=(12641, 50, 13), y=(12641,)
2025-11-03 19:11:55,589 - INFO - 验证集: X=(3090, 50, 13), y=(3090,)
2025-11-03 19:11:55,589 - INFO - 测试集: X=(100, 50, 13), y=(100,)
2025-11-03 19:11:55,590 - INFO - 创建LSTM模型（输入维度=13）...
2025-11-03 19:11:55,593 - INFO - 模型参数数量: 347,777
2025-11-03 19:11:55,593 - INFO - 开始训练...
2025-11-03 19:11:56,629 - INFO - Epoch [1/300] - Train Loss: 5594.2257, Train RMSE: 74.7946, Val RMSE: 53.4047, Test RMSE: 42.8174, LR: 0.001000
2025-11-03 19:12:06,157 - INFO - Epoch [10/300] - Train Loss: 665.3352, Train RMSE: 25.7941, Val RMSE: 26.4798, Test RMSE: 38.8176, LR: 0.000997
2025-11-03 19:12:14,731 - INFO - Epoch [20/300] - Train Loss: 348.0878, Train RMSE: 18.6571, Val RMSE: 30.7845, Test RMSE: 40.7106, LR: 0.000989
2025-11-03 19:12:25,428 - INFO - Epoch [30/300] - Train Loss: 258.4500, Train RMSE: 16.0764, Val RMSE: 26.5396, Test RMSE: 27.8791, LR: 0.000976
2025-11-03 19:12:36,401 - INFO - Epoch [40/300] - Train Loss: 228.2681, Train RMSE: 15.1085, Val RMSE: 28.1818, Test RMSE: 37.6975, LR: 0.000957
2025-11-03 19:12:46,539 - INFO - Epoch [50/300] - Train Loss: 204.4595, Train RMSE: 14.2989, Val RMSE: 27.8489, Test RMSE: 32.6260, LR: 0.000933
2025-11-03 19:12:57,272 - INFO - Epoch [60/300] - Train Loss: 183.9073, Train RMSE: 13.5612, Val RMSE: 30.1437, Test RMSE: 31.2286, LR: 0.000905
2025-11-03 19:13:08,187 - INFO - Epoch [70/300] - Train Loss: 181.4567, Train RMSE: 13.4706, Val RMSE: 28.0096, Test RMSE: 29.4513, LR: 0.000872
2025-11-03 19:13:18,026 - INFO - Epoch [80/300] - Train Loss: 159.5638, Train RMSE: 12.6319, Val RMSE: 29.3928, Test RMSE: 29.1067, LR: 0.000835
2025-11-03 19:13:25,785 - INFO - Epoch [90/300] - Train Loss: 148.5950, Train RMSE: 12.1900, Val RMSE: 29.9450, Test RMSE: 35.5752, LR: 0.000794
2025-11-03 19:13:36,618 - INFO - Epoch [100/300] - Train Loss: 146.6282, Train RMSE: 12.1090, Val RMSE: 30.4792, Test RMSE: 29.7316, LR: 0.000750
2025-11-03 19:13:47,306 - INFO - Epoch [110/300] - Train Loss: 132.7952, Train RMSE: 11.5237, Val RMSE: 30.5109, Test RMSE: 33.7371, LR: 0.000704
2025-11-03 19:13:57,813 - INFO - Epoch [120/300] - Train Loss: 128.1526, Train RMSE: 11.3205, Val RMSE: 28.5229, Test RMSE: 30.3130, LR: 0.000655
2025-11-03 19:14:08,858 - INFO - Epoch [130/300] - Train Loss: 125.4251, Train RMSE: 11.1993, Val RMSE: 29.7562, Test RMSE: 29.8955, LR: 0.000604
2025-11-03 19:14:18,214 - INFO - Epoch [140/300] - Train Loss: 128.7426, Train RMSE: 11.3465, Val RMSE: 30.2524, Test RMSE: 34.3859, LR: 0.000553
2025-11-03 19:14:28,571 - INFO - Epoch [150/300] - Train Loss: 119.6852, Train RMSE: 10.9401, Val RMSE: 30.3578, Test RMSE: 34.9455, LR: 0.000501
2025-11-03 19:14:38,958 - INFO - Epoch [160/300] - Train Loss: 116.2024, Train RMSE: 10.7797, Val RMSE: 30.1505, Test RMSE: 33.2060, LR: 0.000448
2025-11-03 19:14:49,419 - INFO - Epoch [170/300] - Train Loss: 111.4886, Train RMSE: 10.5588, Val RMSE: 30.4954, Test RMSE: 35.7614, LR: 0.000397
2025-11-03 19:14:59,245 - INFO - Epoch [180/300] - Train Loss: 121.0989, Train RMSE: 11.0045, Val RMSE: 28.9852, Test RMSE: 29.9232, LR: 0.000346
2025-11-03 19:15:09,913 - INFO - Epoch [190/300] - Train Loss: 104.9163, Train RMSE: 10.2429, Val RMSE: 31.5403, Test RMSE: 32.8489, LR: 0.000297
2025-11-03 19:15:20,796 - INFO - Epoch [200/300] - Train Loss: 107.0246, Train RMSE: 10.3453, Val RMSE: 31.4856, Test RMSE: 33.0974, LR: 0.000251
2025-11-03 19:15:30,977 - INFO - Epoch [210/300] - Train Loss: 109.3082, Train RMSE: 10.4551, Val RMSE: 30.2828, Test RMSE: 34.2638, LR: 0.000207
2025-11-03 19:15:41,711 - INFO - Epoch [220/300] - Train Loss: 105.2478, Train RMSE: 10.2590, Val RMSE: 30.0718, Test RMSE: 29.5813, LR: 0.000166
2025-11-03 19:15:52,404 - INFO - Epoch [230/300] - Train Loss: 107.5071, Train RMSE: 10.3686, Val RMSE: 29.5405, Test RMSE: 33.5763, LR: 0.000129
2025-11-03 19:16:03,095 - INFO - Epoch [240/300] - Train Loss: 108.9429, Train RMSE: 10.4376, Val RMSE: 30.1781, Test RMSE: 32.7541, LR: 0.000096
2025-11-03 19:16:13,506 - INFO - Epoch [250/300] - Train Loss: 109.2228, Train RMSE: 10.4510, Val RMSE: 31.4371, Test RMSE: 33.9623, LR: 0.000068
2025-11-03 19:16:19,890 - INFO - Epoch [260/300] - Train Loss: 103.6711, Train RMSE: 10.1819, Val RMSE: 30.8788, Test RMSE: 33.7089, LR: 0.000044
2025-11-03 19:16:30,315 - INFO - Epoch [270/300] - Train Loss: 106.2589, Train RMSE: 10.3082, Val RMSE: 31.1692, Test RMSE: 33.6135, LR: 0.000025
2025-11-03 19:16:40,691 - INFO - Epoch [280/300] - Train Loss: 100.6805, Train RMSE: 10.0340, Val RMSE: 31.0258, Test RMSE: 33.4297, LR: 0.000012
2025-11-03 19:16:50,935 - INFO - Epoch [290/300] - Train Loss: 110.9645, Train RMSE: 10.5340, Val RMSE: 31.2942, Test RMSE: 33.7265, LR: 0.000004
2025-11-03 19:17:01,594 - INFO - Epoch [300/300] - Train Loss: 105.5600, Train RMSE: 10.2742, Val RMSE: 31.2532, Test RMSE: 33.6332, LR: 0.000001
2025-11-03 19:17:01,594 - INFO - 训练完成，耗时: 306.00秒
2025-11-03 19:17:01,594 - INFO - 最佳验证集RMSE: 20.6763 (Epoch 4)
2025-11-03 19:17:01,596 - INFO - 最终评估...
2025-11-03 19:17:01,801 - INFO - 训练集 - RMSE: 75.6684, MAE: 60.5280, R²: -0.6846
2025-11-03 19:17:01,801 - INFO - 验证集 - RMSE: 20.6763, MAE: 15.2051, R²: 0.8495
2025-11-03 19:17:01,801 - INFO - 测试集 - RMSE: 23.0972, MAE: 16.5103, R²: 0.6911
2025-11-03 19:17:01,803 - INFO - 预测结果已保存到: results/predictions/LSTM_reduced_no_early_stopping.csv
2025-11-03 19:17:01,805 - INFO - 训练历史已保存到: results/training_logs/LSTM_reduced_no_early_stopping_history.csv
2025-11-03 19:17:01,805 - INFO - 训练日志已保存到: results/training_logs/LSTM_reduced_no_early_stopping.json
2025-11-03 19:17:01,806 - INFO - ✓ 完成 [6/12]
2025-11-03 19:17:01,806 - INFO - 绘制LSTM_reduced_no_early_stopping的训练曲线...
2025-11-03 19:17:02,962 - INFO - 训练曲线已保存到: results/training_curves/LSTM_reduced_no_early_stopping_curves.png
2025-11-03 19:17:02,962 - INFO - 绘制LSTM_reduced_no_early_stopping的预测散点图...
2025-11-03 19:17:03,417 - INFO - 散点图已保存到: results/training_curves/LSTM_reduced_no_early_stopping_scatter.png
2025-11-03 19:17:03,417 - INFO - 
====================================================================================================
2025-11-03 19:17:03,417 - INFO - 第三部分: 训练Transformer模型
2025-11-03 19:17:03,417 - INFO - ====================================================================================================
2025-11-03 19:17:03,417 - INFO - 
[7/12] 训练Transformer - 完整特征 - 带早停
2025-11-03 19:17:03,417 - INFO - ================================================================================
2025-11-03 19:17:03,417 - INFO - 开始训练Transformer模型 - 数据版本: full, 早停: True
2025-11-03 19:17:03,417 - INFO - ================================================================================
2025-11-03 19:17:03,418 - INFO - 使用设备: cuda
2025-11-03 19:17:03,418 - INFO - 加载full版本数据...
2025-11-03 19:17:03,490 - INFO - 训练集形状: (20631, 20)
2025-11-03 19:17:03,490 - INFO - 测试集形状: (13096, 19)
2025-11-03 19:17:03,490 - INFO - RUL标签形状: (100, 1)
2025-11-03 19:17:03,490 - INFO - 按发动机单元划分训练集和验证集（验证集比例=0.2）...
2025-11-03 19:17:03,492 - INFO - 训练集: 80台发动机, 16561条记录
2025-11-03 19:17:03,492 - INFO - 验证集: 20台发动机, 4070条记录
2025-11-03 19:17:03,492 - INFO - 创建时间序列窗口...
2025-11-03 19:17:03,492 - INFO - 创建时间序列窗口（窗口大小=50, 步长=1）...
2025-11-03 19:17:03,534 - INFO - 生成12641个样本, 特征形状: (12641, 50, 17)
2025-11-03 19:17:03,534 - INFO - 创建时间序列窗口（窗口大小=50, 步长=1）...
2025-11-03 19:17:03,544 - INFO - 生成3090个样本, 特征形状: (3090, 50, 17)
2025-11-03 19:17:03,544 - INFO - 为测试集创建最后一个窗口（窗口大小=50）...
2025-11-03 19:17:03,574 - INFO - 测试集: 100台发动机, 特征形状: (100, 50, 17)
2025-11-03 19:17:03,574 - INFO - 训练集: X=(12641, 50, 17), y=(12641,)
2025-11-03 19:17:03,574 - INFO - 验证集: X=(3090, 50, 17), y=(3090,)
2025-11-03 19:17:03,574 - INFO - 测试集: X=(100, 50, 17), y=(100,)
2025-11-03 19:17:03,574 - INFO - 创建Transformer模型（输入维度=17）...
2025-11-03 19:17:03,621 - INFO - 模型参数数量: 803,713
2025-11-03 19:17:03,621 - INFO - 开始训练...
2025-11-03 19:17:05,928 - INFO - Epoch [1/300] - Train Loss: 6525.7297, Train RMSE: 80.7820, Val RMSE: 40.4952, Test RMSE: 24.6748, LR: 0.000025
2025-11-03 19:17:28,782 - INFO - Epoch [10/300] - Train Loss: 562.4734, Train RMSE: 23.7165, Val RMSE: 23.3089, Test RMSE: 32.3985, LR: 0.000250
2025-11-03 19:17:54,362 - INFO - Epoch [20/300] - Train Loss: 125.9888, Train RMSE: 11.2245, Val RMSE: 27.7782, Test RMSE: 35.8178, LR: 0.000500
2025-11-03 19:18:12,498 - INFO - 早停触发！最佳验证集RMSE: 20.3966 (Epoch 7)
2025-11-03 19:18:12,498 - INFO - 训练完成，耗时: 68.88秒
2025-11-03 19:18:12,498 - INFO - 最佳验证集RMSE: 20.3966 (Epoch 7)
2025-11-03 19:18:12,506 - INFO - 最终评估...
2025-11-03 19:18:12,784 - INFO - 训练集 - RMSE: 74.7204, MAE: 59.1110, R²: -0.6427
2025-11-03 19:18:12,784 - INFO - 验证集 - RMSE: 20.3966, MAE: 13.9945, R²: 0.8535
2025-11-03 19:18:12,785 - INFO - 测试集 - RMSE: 22.2692, MAE: 15.5342, R²: 0.7128
2025-11-03 19:18:12,786 - INFO - 预测结果已保存到: results/predictions/Transformer_full_with_early_stopping.csv
2025-11-03 19:18:12,787 - INFO - 训练历史已保存到: results/training_logs/Transformer_full_with_early_stopping_history.csv
2025-11-03 19:18:12,787 - INFO - 训练日志已保存到: results/training_logs/Transformer_full_with_early_stopping.json
2025-11-03 19:18:12,788 - INFO - ✓ 完成 [7/12]
2025-11-03 19:18:12,788 - INFO - 绘制Transformer_full_with_early_stopping的训练曲线...
2025-11-03 19:18:13,611 - INFO - 训练曲线已保存到: results/training_curves/Transformer_full_with_early_stopping_curves.png
2025-11-03 19:18:13,611 - INFO - 绘制Transformer_full_with_early_stopping的预测散点图...
2025-11-03 19:18:14,100 - INFO - 散点图已保存到: results/training_curves/Transformer_full_with_early_stopping_scatter.png
2025-11-03 19:18:14,100 - INFO - 
[8/12] 训练Transformer - 完整特征 - 不带早停
2025-11-03 19:18:14,100 - INFO - ================================================================================
2025-11-03 19:18:14,100 - INFO - 开始训练Transformer模型 - 数据版本: full, 早停: False
2025-11-03 19:18:14,100 - INFO - ================================================================================
2025-11-03 19:18:14,101 - INFO - 使用设备: cuda
2025-11-03 19:18:14,101 - INFO - 加载full版本数据...
2025-11-03 19:18:14,165 - INFO - 训练集形状: (20631, 20)
2025-11-03 19:18:14,166 - INFO - 测试集形状: (13096, 19)
2025-11-03 19:18:14,166 - INFO - RUL标签形状: (100, 1)
2025-11-03 19:18:14,166 - INFO - 按发动机单元划分训练集和验证集（验证集比例=0.2）...
2025-11-03 19:18:14,167 - INFO - 训练集: 80台发动机, 16561条记录
2025-11-03 19:18:14,168 - INFO - 验证集: 20台发动机, 4070条记录
2025-11-03 19:18:14,168 - INFO - 创建时间序列窗口...
2025-11-03 19:18:14,168 - INFO - 创建时间序列窗口（窗口大小=50, 步长=1）...
2025-11-03 19:18:14,210 - INFO - 生成12641个样本, 特征形状: (12641, 50, 17)
2025-11-03 19:18:14,211 - INFO - 创建时间序列窗口（窗口大小=50, 步长=1）...
2025-11-03 19:18:14,221 - INFO - 生成3090个样本, 特征形状: (3090, 50, 17)
2025-11-03 19:18:14,221 - INFO - 为测试集创建最后一个窗口（窗口大小=50）...
2025-11-03 19:18:14,251 - INFO - 测试集: 100台发动机, 特征形状: (100, 50, 17)
2025-11-03 19:18:14,251 - INFO - 训练集: X=(12641, 50, 17), y=(12641,)
2025-11-03 19:18:14,251 - INFO - 验证集: X=(3090, 50, 17), y=(3090,)
2025-11-03 19:18:14,251 - INFO - 测试集: X=(100, 50, 17), y=(100,)
2025-11-03 19:18:14,251 - INFO - 创建Transformer模型（输入维度=17）...
2025-11-03 19:18:14,259 - INFO - 模型参数数量: 803,713
2025-11-03 19:18:14,259 - INFO - 开始训练...
2025-11-03 19:18:16,767 - INFO - Epoch [1/300] - Train Loss: 6525.7297, Train RMSE: 80.7820, Val RMSE: 40.4952, Test RMSE: 24.6748, LR: 0.000025
2025-11-03 19:18:40,306 - INFO - Epoch [10/300] - Train Loss: 562.4734, Train RMSE: 23.7165, Val RMSE: 23.3089, Test RMSE: 32.3985, LR: 0.000250
2025-11-03 19:19:05,460 - INFO - Epoch [20/300] - Train Loss: 125.9888, Train RMSE: 11.2245, Val RMSE: 27.7782, Test RMSE: 35.8178, LR: 0.000500
2025-11-03 19:19:31,842 - INFO - Epoch [30/300] - Train Loss: 68.6633, Train RMSE: 8.2863, Val RMSE: 32.6199, Test RMSE: 38.0497, LR: 0.000498
2025-11-03 19:19:57,104 - INFO - Epoch [40/300] - Train Loss: 56.9236, Train RMSE: 7.5448, Val RMSE: 26.6269, Test RMSE: 29.4438, LR: 0.000494
2025-11-03 19:20:21,872 - INFO - Epoch [50/300] - Train Loss: 52.3395, Train RMSE: 7.2346, Val RMSE: 26.2481, Test RMSE: 32.5070, LR: 0.000486
2025-11-03 19:20:48,146 - INFO - Epoch [60/300] - Train Loss: 55.7896, Train RMSE: 7.4692, Val RMSE: 24.8398, Test RMSE: 29.4157, LR: 0.000475
2025-11-03 19:21:13,411 - INFO - Epoch [70/300] - Train Loss: 41.5910, Train RMSE: 6.4491, Val RMSE: 28.9765, Test RMSE: 30.1600, LR: 0.000462
2025-11-03 19:21:39,680 - INFO - Epoch [80/300] - Train Loss: 41.8460, Train RMSE: 6.4688, Val RMSE: 28.2935, Test RMSE: 26.7616, LR: 0.000446
2025-11-03 19:22:05,304 - INFO - Epoch [90/300] - Train Loss: 38.6182, Train RMSE: 6.2144, Val RMSE: 24.0184, Test RMSE: 27.3699, LR: 0.000427
2025-11-03 19:22:30,845 - INFO - Epoch [100/300] - Train Loss: 36.4753, Train RMSE: 6.0395, Val RMSE: 28.5703, Test RMSE: 30.0423, LR: 0.000406
2025-11-03 19:22:55,868 - INFO - Epoch [110/300] - Train Loss: 35.9232, Train RMSE: 5.9936, Val RMSE: 25.9567, Test RMSE: 30.2650, LR: 0.000383
2025-11-03 19:23:21,431 - INFO - Epoch [120/300] - Train Loss: 36.3984, Train RMSE: 6.0331, Val RMSE: 33.3757, Test RMSE: 32.5550, LR: 0.000359
2025-11-03 19:23:47,628 - INFO - Epoch [130/300] - Train Loss: 33.7420, Train RMSE: 5.8088, Val RMSE: 28.2798, Test RMSE: 28.0073, LR: 0.000333
2025-11-03 19:24:13,625 - INFO - Epoch [140/300] - Train Loss: 33.4245, Train RMSE: 5.7814, Val RMSE: 29.9016, Test RMSE: 36.6361, LR: 0.000306
2025-11-03 19:24:38,799 - INFO - Epoch [150/300] - Train Loss: 30.7689, Train RMSE: 5.5470, Val RMSE: 25.5665, Test RMSE: 28.1876, LR: 0.000278
2025-11-03 19:25:05,465 - INFO - Epoch [160/300] - Train Loss: 30.2232, Train RMSE: 5.4976, Val RMSE: 27.5264, Test RMSE: 32.4309, LR: 0.000251
2025-11-03 19:25:31,269 - INFO - Epoch [170/300] - Train Loss: 29.3500, Train RMSE: 5.4176, Val RMSE: 26.7506, Test RMSE: 34.2128, LR: 0.000223
2025-11-03 19:25:57,859 - INFO - Epoch [180/300] - Train Loss: 30.7044, Train RMSE: 5.5412, Val RMSE: 28.7751, Test RMSE: 35.7709, LR: 0.000195
2025-11-03 19:26:22,969 - INFO - Epoch [190/300] - Train Loss: 29.3306, Train RMSE: 5.4158, Val RMSE: 26.1958, Test RMSE: 32.1874, LR: 0.000168
2025-11-03 19:26:47,122 - INFO - Epoch [200/300] - Train Loss: 28.7021, Train RMSE: 5.3574, Val RMSE: 26.0266, Test RMSE: 30.6502, LR: 0.000142
2025-11-03 19:27:13,043 - INFO - Epoch [210/300] - Train Loss: 29.5366, Train RMSE: 5.4348, Val RMSE: 30.0763, Test RMSE: 34.6487, LR: 0.000118
2025-11-03 19:27:38,007 - INFO - Epoch [220/300] - Train Loss: 28.6002, Train RMSE: 5.3479, Val RMSE: 28.0229, Test RMSE: 30.2667, LR: 0.000095
2025-11-03 19:28:03,536 - INFO - Epoch [230/300] - Train Loss: 28.5817, Train RMSE: 5.3462, Val RMSE: 30.5902, Test RMSE: 34.7429, LR: 0.000074
2025-11-03 19:28:29,296 - INFO - Epoch [240/300] - Train Loss: 27.4932, Train RMSE: 5.2434, Val RMSE: 27.3576, Test RMSE: 31.2367, LR: 0.000055
2025-11-03 19:28:55,211 - INFO - Epoch [250/300] - Train Loss: 27.6478, Train RMSE: 5.2581, Val RMSE: 25.6328, Test RMSE: 31.5779, LR: 0.000039
2025-11-03 19:29:20,610 - INFO - Epoch [260/300] - Train Loss: 27.3520, Train RMSE: 5.2299, Val RMSE: 26.2258, Test RMSE: 32.4645, LR: 0.000026
2025-11-03 19:29:46,536 - INFO - Epoch [270/300] - Train Loss: 26.6262, Train RMSE: 5.1601, Val RMSE: 27.0710, Test RMSE: 31.5298, LR: 0.000015
2025-11-03 19:30:12,584 - INFO - Epoch [280/300] - Train Loss: 26.1818, Train RMSE: 5.1168, Val RMSE: 27.6081, Test RMSE: 31.4233, LR: 0.000007
2025-11-03 19:30:38,176 - INFO - Epoch [290/300] - Train Loss: 26.5236, Train RMSE: 5.1501, Val RMSE: 27.9354, Test RMSE: 31.9786, LR: 0.000003
2025-11-03 19:31:03,101 - INFO - Epoch [300/300] - Train Loss: 26.3205, Train RMSE: 5.1304, Val RMSE: 27.7879, Test RMSE: 31.9998, LR: 0.000001
2025-11-03 19:31:03,101 - INFO - 训练完成，耗时: 768.84秒
2025-11-03 19:31:03,101 - INFO - 最佳验证集RMSE: 20.3966 (Epoch 7)
2025-11-03 19:31:03,109 - INFO - 最终评估...
2025-11-03 19:31:03,385 - INFO - 训练集 - RMSE: 75.4642, MAE: 60.1526, R²: -0.6756
2025-11-03 19:31:03,385 - INFO - 验证集 - RMSE: 20.3966, MAE: 13.9945, R²: 0.8535
2025-11-03 19:31:03,385 - INFO - 测试集 - RMSE: 22.2692, MAE: 15.5342, R²: 0.7128
2025-11-03 19:31:03,387 - INFO - 预测结果已保存到: results/predictions/Transformer_full_no_early_stopping.csv
2025-11-03 19:31:03,389 - INFO - 训练历史已保存到: results/training_logs/Transformer_full_no_early_stopping_history.csv
2025-11-03 19:31:03,389 - INFO - 训练日志已保存到: results/training_logs/Transformer_full_no_early_stopping.json
2025-11-03 19:31:03,391 - INFO - ✓ 完成 [8/12]
2025-11-03 19:31:03,391 - INFO - 绘制Transformer_full_no_early_stopping的训练曲线...
2025-11-03 19:31:04,279 - INFO - 训练曲线已保存到: results/training_curves/Transformer_full_no_early_stopping_curves.png
2025-11-03 19:31:04,279 - INFO - 绘制Transformer_full_no_early_stopping的预测散点图...
2025-11-03 19:31:04,747 - INFO - 散点图已保存到: results/training_curves/Transformer_full_no_early_stopping_scatter.png
2025-11-03 19:31:04,747 - INFO - 
[9/12] 训练Transformer - 降维特征 - 带早停
2025-11-03 19:31:04,747 - INFO - ================================================================================
2025-11-03 19:31:04,747 - INFO - 开始训练Transformer模型 - 数据版本: reduced, 早停: True
2025-11-03 19:31:04,747 - INFO - ================================================================================
2025-11-03 19:31:04,747 - INFO - 使用设备: cuda
2025-11-03 19:31:04,748 - INFO - 加载reduced版本数据...
2025-11-03 19:31:04,796 - INFO - 训练集形状: (20631, 16)
2025-11-03 19:31:04,796 - INFO - 测试集形状: (13096, 15)
2025-11-03 19:31:04,796 - INFO - RUL标签形状: (100, 1)
2025-11-03 19:31:04,796 - INFO - 按发动机单元划分训练集和验证集（验证集比例=0.2）...
2025-11-03 19:31:04,798 - INFO - 训练集: 80台发动机, 16561条记录
2025-11-03 19:31:04,798 - INFO - 验证集: 20台发动机, 4070条记录
2025-11-03 19:31:04,798 - INFO - 创建时间序列窗口...
2025-11-03 19:31:04,798 - INFO - 创建时间序列窗口（窗口大小=50, 步长=1）...
2025-11-03 19:31:04,838 - INFO - 生成12641个样本, 特征形状: (12641, 50, 13)
2025-11-03 19:31:04,838 - INFO - 创建时间序列窗口（窗口大小=50, 步长=1）...
2025-11-03 19:31:04,850 - INFO - 生成3090个样本, 特征形状: (3090, 50, 13)
2025-11-03 19:31:04,850 - INFO - 为测试集创建最后一个窗口（窗口大小=50）...
2025-11-03 19:31:04,880 - INFO - 测试集: 100台发动机, 特征形状: (100, 50, 13)
2025-11-03 19:31:04,880 - INFO - 训练集: X=(12641, 50, 13), y=(12641,)
2025-11-03 19:31:04,880 - INFO - 验证集: X=(3090, 50, 13), y=(3090,)
2025-11-03 19:31:04,880 - INFO - 测试集: X=(100, 50, 13), y=(100,)
2025-11-03 19:31:04,880 - INFO - 创建Transformer模型（输入维度=13）...
2025-11-03 19:31:04,893 - INFO - 模型参数数量: 803,201
2025-11-03 19:31:04,893 - INFO - 开始训练...
2025-11-03 19:31:06,744 - INFO - Epoch [1/300] - Train Loss: 7683.4588, Train RMSE: 87.6553, Val RMSE: 57.9245, Test RMSE: 43.9293, LR: 0.000025
2025-11-03 19:31:30,212 - INFO - Epoch [10/300] - Train Loss: 589.6029, Train RMSE: 24.2817, Val RMSE: 30.2044, Test RMSE: 36.8123, LR: 0.000250
2025-11-03 19:31:55,690 - INFO - Epoch [20/300] - Train Loss: 143.4400, Train RMSE: 11.9766, Val RMSE: 29.6282, Test RMSE: 29.1304, LR: 0.000500
2025-11-03 19:32:13,662 - INFO - 早停触发！最佳验证集RMSE: 23.5925 (Epoch 7)
2025-11-03 19:32:13,662 - INFO - 训练完成，耗时: 68.77秒
2025-11-03 19:32:13,662 - INFO - 最佳验证集RMSE: 23.5925 (Epoch 7)
2025-11-03 19:32:13,671 - INFO - 最终评估...
2025-11-03 19:32:13,963 - INFO - 训练集 - RMSE: 79.2973, MAE: 64.0390, R²: -0.8501
2025-11-03 19:32:13,963 - INFO - 验证集 - RMSE: 23.5925, MAE: 17.5250, R²: 0.8040
2025-11-03 19:32:13,963 - INFO - 测试集 - RMSE: 23.6888, MAE: 18.1299, R²: 0.6750
2025-11-03 19:32:13,965 - INFO - 预测结果已保存到: results/predictions/Transformer_reduced_with_early_stopping.csv
2025-11-03 19:32:13,965 - INFO - 训练历史已保存到: results/training_logs/Transformer_reduced_with_early_stopping_history.csv
2025-11-03 19:32:13,965 - INFO - 训练日志已保存到: results/training_logs/Transformer_reduced_with_early_stopping.json
2025-11-03 19:32:13,966 - INFO - ✓ 完成 [9/12]
2025-11-03 19:32:13,966 - INFO - 绘制Transformer_reduced_with_early_stopping的训练曲线...
2025-11-03 19:32:14,798 - INFO - 训练曲线已保存到: results/training_curves/Transformer_reduced_with_early_stopping_curves.png
2025-11-03 19:32:14,798 - INFO - 绘制Transformer_reduced_with_early_stopping的预测散点图...
2025-11-03 19:32:15,251 - INFO - 散点图已保存到: results/training_curves/Transformer_reduced_with_early_stopping_scatter.png
2025-11-03 19:32:15,251 - INFO - 
[10/12] 训练Transformer - 降维特征 - 不带早停
2025-11-03 19:32:15,251 - INFO - ================================================================================
2025-11-03 19:32:15,251 - INFO - 开始训练Transformer模型 - 数据版本: reduced, 早停: False
2025-11-03 19:32:15,251 - INFO - ================================================================================
2025-11-03 19:32:15,252 - INFO - 使用设备: cuda
2025-11-03 19:32:15,252 - INFO - 加载reduced版本数据...
2025-11-03 19:32:15,304 - INFO - 训练集形状: (20631, 16)
2025-11-03 19:32:15,304 - INFO - 测试集形状: (13096, 15)
2025-11-03 19:32:15,304 - INFO - RUL标签形状: (100, 1)
2025-11-03 19:32:15,304 - INFO - 按发动机单元划分训练集和验证集（验证集比例=0.2）...
2025-11-03 19:32:15,306 - INFO - 训练集: 80台发动机, 16561条记录
2025-11-03 19:32:15,306 - INFO - 验证集: 20台发动机, 4070条记录
2025-11-03 19:32:15,306 - INFO - 创建时间序列窗口...
2025-11-03 19:32:15,306 - INFO - 创建时间序列窗口（窗口大小=50, 步长=1）...
2025-11-03 19:32:15,346 - INFO - 生成12641个样本, 特征形状: (12641, 50, 13)
2025-11-03 19:32:15,346 - INFO - 创建时间序列窗口（窗口大小=50, 步长=1）...
2025-11-03 19:32:15,358 - INFO - 生成3090个样本, 特征形状: (3090, 50, 13)
2025-11-03 19:32:15,358 - INFO - 为测试集创建最后一个窗口（窗口大小=50）...
2025-11-03 19:32:15,387 - INFO - 测试集: 100台发动机, 特征形状: (100, 50, 13)
2025-11-03 19:32:15,388 - INFO - 训练集: X=(12641, 50, 13), y=(12641,)
2025-11-03 19:32:15,388 - INFO - 验证集: X=(3090, 50, 13), y=(3090,)
2025-11-03 19:32:15,388 - INFO - 测试集: X=(100, 50, 13), y=(100,)
2025-11-03 19:32:15,388 - INFO - 创建Transformer模型（输入维度=13）...
2025-11-03 19:32:15,428 - INFO - 模型参数数量: 803,201
2025-11-03 19:32:15,428 - INFO - 开始训练...
2025-11-03 19:32:17,864 - INFO - Epoch [1/300] - Train Loss: 7683.4588, Train RMSE: 87.6553, Val RMSE: 57.9245, Test RMSE: 43.9293, LR: 0.000025
2025-11-03 19:32:40,481 - INFO - Epoch [10/300] - Train Loss: 589.6029, Train RMSE: 24.2817, Val RMSE: 30.2044, Test RMSE: 36.8123, LR: 0.000250
2025-11-03 19:33:06,124 - INFO - Epoch [20/300] - Train Loss: 143.4400, Train RMSE: 11.9766, Val RMSE: 29.6282, Test RMSE: 29.1304, LR: 0.000500
2025-11-03 19:33:31,901 - INFO - Epoch [30/300] - Train Loss: 92.3032, Train RMSE: 9.6075, Val RMSE: 25.2637, Test RMSE: 28.4806, LR: 0.000498
2025-11-03 19:33:53,230 - INFO - Epoch [40/300] - Train Loss: 76.4845, Train RMSE: 8.7455, Val RMSE: 27.8453, Test RMSE: 27.0499, LR: 0.000494
2025-11-03 19:34:18,708 - INFO - Epoch [50/300] - Train Loss: 71.2201, Train RMSE: 8.4392, Val RMSE: 27.5947, Test RMSE: 27.1913, LR: 0.000486
2025-11-03 19:34:44,982 - INFO - Epoch [60/300] - Train Loss: 65.9391, Train RMSE: 8.1203, Val RMSE: 28.9693, Test RMSE: 24.4056, LR: 0.000475
2025-11-03 19:35:10,720 - INFO - Epoch [70/300] - Train Loss: 61.9305, Train RMSE: 7.8696, Val RMSE: 28.7245, Test RMSE: 26.9174, LR: 0.000462
2025-11-03 19:35:36,256 - INFO - Epoch [80/300] - Train Loss: 61.3924, Train RMSE: 7.8353, Val RMSE: 27.4581, Test RMSE: 25.3969, LR: 0.000446
2025-11-03 19:36:02,263 - INFO - Epoch [90/300] - Train Loss: 57.6026, Train RMSE: 7.5896, Val RMSE: 27.1181, Test RMSE: 21.8959, LR: 0.000427
2025-11-03 19:36:27,966 - INFO - Epoch [100/300] - Train Loss: 56.5129, Train RMSE: 7.5175, Val RMSE: 31.4745, Test RMSE: 29.9731, LR: 0.000406
2025-11-03 19:36:54,091 - INFO - Epoch [110/300] - Train Loss: 55.9036, Train RMSE: 7.4769, Val RMSE: 26.2587, Test RMSE: 19.9963, LR: 0.000383
2025-11-03 19:37:18,866 - INFO - Epoch [120/300] - Train Loss: 51.0694, Train RMSE: 7.1463, Val RMSE: 26.2574, Test RMSE: 19.5391, LR: 0.000359
2025-11-03 19:37:45,722 - INFO - Epoch [130/300] - Train Loss: 51.9065, Train RMSE: 7.2046, Val RMSE: 25.4876, Test RMSE: 24.7499, LR: 0.000333
2025-11-03 19:38:11,830 - INFO - Epoch [140/300] - Train Loss: 51.1689, Train RMSE: 7.1532, Val RMSE: 24.8187, Test RMSE: 22.8029, LR: 0.000306
2025-11-03 19:38:37,181 - INFO - Epoch [150/300] - Train Loss: 45.5107, Train RMSE: 6.7462, Val RMSE: 25.1885, Test RMSE: 21.3439, LR: 0.000278
2025-11-03 19:39:03,103 - INFO - Epoch [160/300] - Train Loss: 44.6204, Train RMSE: 6.6798, Val RMSE: 25.1068, Test RMSE: 22.0154, LR: 0.000251
2025-11-03 19:39:29,296 - INFO - Epoch [170/300] - Train Loss: 44.6810, Train RMSE: 6.6844, Val RMSE: 27.2572, Test RMSE: 22.2025, LR: 0.000223
2025-11-03 19:39:55,376 - INFO - Epoch [180/300] - Train Loss: 42.7645, Train RMSE: 6.5395, Val RMSE: 29.0352, Test RMSE: 25.6608, LR: 0.000195
2025-11-03 19:40:21,121 - INFO - Epoch [190/300] - Train Loss: 40.7354, Train RMSE: 6.3824, Val RMSE: 25.3071, Test RMSE: 24.3388, LR: 0.000168
2025-11-03 19:40:46,609 - INFO - Epoch [200/300] - Train Loss: 41.2208, Train RMSE: 6.4203, Val RMSE: 26.8248, Test RMSE: 24.6685, LR: 0.000142
2025-11-03 19:41:13,028 - INFO - Epoch [210/300] - Train Loss: 41.1562, Train RMSE: 6.4153, Val RMSE: 26.3431, Test RMSE: 23.0735, LR: 0.000118
2025-11-03 19:41:39,674 - INFO - Epoch [220/300] - Train Loss: 39.4833, Train RMSE: 6.2836, Val RMSE: 25.4778, Test RMSE: 22.3405, LR: 0.000095
2025-11-03 19:42:05,352 - INFO - Epoch [230/300] - Train Loss: 39.3551, Train RMSE: 6.2734, Val RMSE: 26.1715, Test RMSE: 21.9818, LR: 0.000074
2025-11-03 19:42:29,855 - INFO - Epoch [240/300] - Train Loss: 39.7250, Train RMSE: 6.3028, Val RMSE: 26.0119, Test RMSE: 23.5553, LR: 0.000055
2025-11-03 19:42:56,390 - INFO - Epoch [250/300] - Train Loss: 38.3757, Train RMSE: 6.1948, Val RMSE: 26.6721, Test RMSE: 25.0928, LR: 0.000039
2025-11-03 19:43:22,288 - INFO - Epoch [260/300] - Train Loss: 38.6727, Train RMSE: 6.2187, Val RMSE: 26.1292, Test RMSE: 23.0826, LR: 0.000026
2025-11-03 19:43:48,184 - INFO - Epoch [270/300] - Train Loss: 37.5921, Train RMSE: 6.1312, Val RMSE: 26.6942, Test RMSE: 23.5502, LR: 0.000015
2025-11-03 19:44:14,155 - INFO - Epoch [280/300] - Train Loss: 38.5195, Train RMSE: 6.2064, Val RMSE: 26.5479, Test RMSE: 23.4864, LR: 0.000007
2025-11-03 19:44:40,099 - INFO - Epoch [290/300] - Train Loss: 39.1818, Train RMSE: 6.2595, Val RMSE: 26.4005, Test RMSE: 23.4965, LR: 0.000003
2025-11-03 19:45:06,481 - INFO - Epoch [300/300] - Train Loss: 37.1305, Train RMSE: 6.0935, Val RMSE: 26.5017, Test RMSE: 23.6178, LR: 0.000001
2025-11-03 19:45:06,482 - INFO - 训练完成，耗时: 771.05秒
2025-11-03 19:45:06,482 - INFO - 最佳验证集RMSE: 23.5592 (Epoch 125)
2025-11-03 19:45:06,492 - INFO - 最终评估...
2025-11-03 19:45:06,771 - INFO - 训练集 - RMSE: 83.4593, MAE: 65.6368, R²: -1.0494
2025-11-03 19:45:06,771 - INFO - 验证集 - RMSE: 23.5592, MAE: 16.0699, R²: 0.8045
2025-11-03 19:45:06,771 - INFO - 测试集 - RMSE: 21.7273, MAE: 15.7901, R²: 0.7266
2025-11-03 19:45:06,773 - INFO - 预测结果已保存到: results/predictions/Transformer_reduced_no_early_stopping.csv
2025-11-03 19:45:06,776 - INFO - 训练历史已保存到: results/training_logs/Transformer_reduced_no_early_stopping_history.csv
2025-11-03 19:45:06,776 - INFO - 训练日志已保存到: results/training_logs/Transformer_reduced_no_early_stopping.json
2025-11-03 19:45:06,777 - INFO - ✓ 完成 [10/12]
2025-11-03 19:45:06,777 - INFO - 绘制Transformer_reduced_no_early_stopping的训练曲线...
2025-11-03 19:45:07,946 - INFO - 训练曲线已保存到: results/training_curves/Transformer_reduced_no_early_stopping_curves.png
2025-11-03 19:45:07,946 - INFO - 绘制Transformer_reduced_no_early_stopping的预测散点图...
2025-11-03 19:45:08,405 - INFO - 散点图已保存到: results/training_curves/Transformer_reduced_no_early_stopping_scatter.png
2025-11-03 19:45:08,406 - INFO - 
====================================================================================================
2025-11-03 19:45:08,406 - INFO - 第四部分: 生成总结报告和对比图表
2025-11-03 19:45:08,406 - INFO - ====================================================================================================
2025-11-03 19:45:08,406 - INFO - 绘制所有模型的测试集RMSE对比图...
2025-11-03 19:45:08,837 - INFO - 对比图已保存到: results/training_curves/all_models_comparison.png
2025-11-03 19:45:08,837 - INFO - 最佳模型: Transformer - reduced - ES: No - Test RMSE: 21.7273
2025-11-03 19:45:08,837 - INFO - 生成模型训练总结报告...
2025-11-03 19:45:08,840 - INFO - 总结报告已保存到: augment_caption/模型训练总结报告.md
2025-11-03 19:45:08,840 - INFO - 
====================================================================================================
2025-11-03 19:45:08,840 - INFO - 所有任务完成!
2025-11-03 19:45:08,840 - INFO - ====================================================================================================
2025-11-03 19:45:08,840 - INFO - 完成模型数: 10/12
2025-11-03 19:45:08,840 - INFO - 总耗时: 0.65小时 (39.27分钟)
2025-11-03 19:45:08,840 - INFO - 
生成的文件:
2025-11-03 19:45:08,840 - INFO -   - models/: 所有模型权重
2025-11-03 19:45:08,840 - INFO -   - results/predictions/: 所有预测结果
2025-11-03 19:45:08,840 - INFO -   - results/training_logs/: 所有训练日志
2025-11-03 19:45:08,840 - INFO -   - results/training_curves/: 所有训练曲线图
2025-11-03 19:45:08,840 - INFO -   - augment_caption/模型训练总结报告.md: 总结报告
2025-11-03 19:45:08,840 - INFO - ====================================================================================================
